{"C:\\Users\\Mark\\Desktop\\Новая папка (4)\\character-attacks-project\\src\\extractSpecialAttacks.js": {"path":"C:\\Users\\Mark\\Desktop\\Новая папка (4)\\character-attacks-project\\src\\extractSpecialAttacks.js","statementMap":{"0":{"start":{"line":2,"column":2},"end":{"line":7,"column":6}},"1":{"start":{"line":2,"column":83},"end":{"line":7,"column":3}},"2":{"start":{"line":10,"column":0},"end":{"line":10,"column":39}}},"fnMap":{"0":{"name":"extractSpecialAttacks","decl":{"start":{"line":1,"column":9},"end":{"line":1,"column":30}},"loc":{"start":{"line":1,"column":44},"end":{"line":8,"column":1}},"line":1},"1":{"name":"(anonymous_1)","decl":{"start":{"line":2,"column":21},"end":{"line":2,"column":22}},"loc":{"start":{"line":2,"column":83},"end":{"line":7,"column":3}},"line":2}},"branchMap":{"0":{"loc":{"start":{"line":2,"column":40},"end":{"line":2,"column":75}},"type":"default-arg","locations":[{"start":{"line":2,"column":54},"end":{"line":2,"column":75}}],"line":2}},"s":{"0":5,"1":4,"2":1},"f":{"0":5,"1":4},"b":{"0":[2]},"_coverageSchema":"1a1c01bbd47fc00a2c39e90264f33305004495a9","hash":"8404a61a80b3c90a7bf61d26fd0a136f00fe50e5"}
}
