{"C:\\Users\\Mark\\Desktop\\задание\\extract-special-attacks\\src\\extractSpecialAttacks.js": {"path":"C:\\Users\\Mark\\Desktop\\задание\\extract-special-attacks\\src\\extractSpecialAttacks.js","statementMap":{"0":{"start":{"line":2,"column":4},"end":{"line":4,"column":5}},"1":{"start":{"line":3,"column":8},"end":{"line":3,"column":18}},"2":{"start":{"line":6,"column":4},"end":{"line":15,"column":7}},"3":{"start":{"line":12,"column":12},"end":{"line":12,"column":18}},"4":{"start":{"line":14,"column":8},"end":{"line":14,"column":47}},"5":{"start":{"line":18,"column":0},"end":{"line":18,"column":39}}},"fnMap":{"0":{"name":"extractSpecialAttacks","decl":{"start":{"line":1,"column":9},"end":{"line":1,"column":30}},"loc":{"start":{"line":1,"column":42},"end":{"line":16,"column":1}},"line":1},"1":{"name":"(anonymous_1)","decl":{"start":{"line":6,"column":33},"end":{"line":6,"column":34}},"loc":{"start":{"line":6,"column":45},"end":{"line":15,"column":5}},"line":6}},"branchMap":{"0":{"loc":{"start":{"line":2,"column":4},"end":{"line":4,"column":5}},"type":"if","locations":[{"start":{"line":2,"column":4},"end":{"line":4,"column":5}},{"start":{},"end":{}}],"line":2},"1":{"loc":{"start":{"line":2,"column":8},"end":{"line":2,"column":63}},"type":"binary-expr","locations":[{"start":{"line":2,"column":8},"end":{"line":2,"column":26}},{"start":{"line":2,"column":30},"end":{"line":2,"column":63}}],"line":2},"2":{"loc":{"start":{"line":11,"column":12},"end":{"line":11,"column":47}},"type":"default-arg","locations":[{"start":{"line":11,"column":26},"end":{"line":11,"column":47}}],"line":11}},"s":{"0":4,"1":1,"2":3,"3":4,"4":4,"5":1},"f":{"0":4,"1":4},"b":{"0":[1,3],"1":[4,3],"2":[1]},"_coverageSchema":"1a1c01bbd47fc00a2c39e90264f33305004495a9","hash":"576a3fe5253dc0e1c3c0cf42af28e9001d10c3d5"}
}
